# JRE version: Java(TM) SE Runtime Environment (8.0_05-b13) (build 1.8.0_05-b13)
# Java VM: Java HotSpot(TM) 64-Bit Server VM (25.5-b02 mixed mode windows-amd64 compressed oops)
Heap:
 PSYoungGen      total 180224K, used 7853K [0x00000000e0500000, 0x00000000ecc80000, 0x0000000100000000)
  eden space 159232K, 0% used [0x00000000e0500000,0x00000000e0500000,0x00000000ea080000)
  from space 20992K, 37% used [0x00000000eb800000,0x00000000ebfab660,0x00000000ecc80000)
  to   space 22528K, 0% used [0x00000000ea080000,0x00000000ea080000,0x00000000eb680000)
 ParOldGen       total 66048K, used 65941K [0x00000000a0e00000, 0x00000000a4e80000, 0x00000000e0500000)
  object space 66048K, 99% used [0x00000000a0e00000,0x00000000a4e65700,0x00000000a4e80000)
 Metaspace       used 25086K, capacity 25768K, committed 25984K, reserved 1073152K
  class space    used 2947K, capacity 3116K, committed 3200K, reserved 1048576K
GC Heap History (10 events):
Event: 21.388 GC heap after
Heap after GC invocations=24 (full 1):
 PSYoungGen      total 146432K, used 14328K [0x00000000e0500000, 0x00000000ecc00000, 0x0000000100000000)
  eden space 132096K, 0% used [0x00000000e0500000,0x00000000e0500000,0x00000000e8600000)
  from space 14336K, 99% used [0x00000000e8600000,0x00000000e93fe190,0x00000000e9400000)
  to   space 17920K, 0% used [0x00000000eba80000,0x00000000eba80000,0x00000000ecc00000)
 ParOldGen       total 53760K, used 47344K [0x00000000a0e00000, 0x00000000a4280000, 0x00000000e0500000)
  object space 53760K, 88% used [0x00000000a0e00000,0x00000000a3c3c2e8,0x00000000a4280000)
 Metaspace       used 24171K, capacity 24738K, committed 24832K, reserved 1071104K
  class space    used 2901K, capacity 3070K, committed 3072K, reserved 1048576K
}
Event: 21.388 GC heap before
{Heap before GC invocations=25 (full 2):
 PSYoungGen      total 146432K, used 14328K [0x00000000e0500000, 0x00000000ecc00000, 0x0000000100000000)
  eden space 132096K, 0% used [0x00000000e0500000,0x00000000e0500000,0x00000000e8600000)
  from space 14336K, 99% used [0x00000000e8600000,0x00000000e93fe190,0x00000000e9400000)
  to   space 17920K, 0% used [0x00000000eba80000,0x00000000eba80000,0x00000000ecc00000)
 ParOldGen       total 53760K, used 47344K [0x00000000a0e00000, 0x00000000a4280000, 0x00000000e0500000)
  object space 53760K, 88% used [0x00000000a0e00000,0x00000000a3c3c2e8,0x00000000a4280000)
 Metaspace       used 24171K, capacity 24738K, committed 24832K, reserved 1071104K
  class space    used 2901K, capacity 3070K, committed 3072K, reserved 1048576K
Event: 23.139 GC heap after
Heap after GC invocations=25 (full 2):
 PSYoungGen      total 146432K, used 2533K [0x00000000e0500000, 0x00000000ecc00000, 0x0000000100000000)
  eden space 132096K, 0% used [0x00000000e0500000,0x00000000e0500000,0x00000000e8600000)
  from space 14336K, 17% used [0x00000000e8600000,0x00000000e88797b8,0x00000000e9400000)
  to   space 17920K, 0% used [0x00000000eba80000,0x00000000eba80000,0x00000000ecc00000)
 ParOldGen       total 64512K, used 53588K [0x00000000a0e00000, 0x00000000a4d00000, 0x00000000e0500000)
  object space 64512K, 83% used [0x00000000a0e00000,0x00000000a4255120,0x00000000a4d00000)
 Metaspace       used 24156K, capacity 24720K, committed 24832K, reserved 1071104K
  class space    used 2900K, capacity 3068K, committed 3072K, reserved 1048576K
}
Event: 25.880 GC heap before
{Heap before GC invocations=26 (full 2):
 PSYoungGen      total 146432K, used 134629K [0x00000000e0500000, 0x00000000ecc00000, 0x0000000100000000)
  eden space 132096K, 100% used [0x00000000e0500000,0x00000000e8600000,0x00000000e8600000)
  from space 14336K, 17% used [0x00000000e8600000,0x00000000e88797b8,0x00000000e9400000)
  to   space 17920K, 0% used [0x00000000eba80000,0x00000000eba80000,0x00000000ecc00000)
 ParOldGen       total 64512K, used 53588K [0x00000000a0e00000, 0x00000000a4d00000, 0x00000000e0500000)
  object space 64512K, 83% used [0x00000000a0e00000,0x00000000a4255120,0x00000000a4d00000)
 Metaspace       used 24550K, capacity 25142K, committed 25472K, reserved 1071104K
  class space    used 2931K, capacity 3101K, committed 3200K, reserved 1048576K
Event: 26.032 GC heap after
Heap after GC invocations=26 (full 2):
 PSYoungGen      total 163840K, used 16209K [0x00000000e0500000, 0x00000000eca80000, 0x0000000100000000)
  eden space 147456K, 0% used [0x00000000e0500000,0x00000000e0500000,0x00000000e9500000)
  from space 16384K, 98% used [0x00000000eba80000,0x00000000eca54520,0x00000000eca80000)
  to   space 20480K, 0% used [0x00000000ea280000,0x00000000ea280000,0x00000000eb680000)
 ParOldGen       total 64512K, used 55750K [0x00000000a0e00000, 0x00000000a4d00000, 0x00000000e0500000)
  object space 64512K, 86% used [0x00000000a0e00000,0x00000000a4471b68,0x00000000a4d00000)
 Metaspace       used 24550K, capacity 25142K, committed 25472K, reserved 1071104K
  class space    used 2931K, capacity 3101K, committed 3200K, reserved 1048576K
}
Event: 28.948 GC heap before
{Heap before GC invocations=27 (full 2):
 PSYoungGen      total 163840K, used 163665K [0x00000000e0500000, 0x00000000eca80000, 0x0000000100000000)
  eden space 147456K, 100% used [0x00000000e0500000,0x00000000e9500000,0x00000000e9500000)
  from space 16384K, 98% used [0x00000000eba80000,0x00000000eca54520,0x00000000eca80000)
  to   space 20480K, 0% used [0x00000000ea280000,0x00000000ea280000,0x00000000eb680000)
 ParOldGen       total 64512K, used 55750K [0x00000000a0e00000, 0x00000000a4d00000, 0x00000000e0500000)
  object space 64512K, 86% used [0x00000000a0e00000,0x00000000a4471b68,0x00000000a4d00000)
 Metaspace       used 24820K, capacity 25446K, committed 25728K, reserved 1071104K
  class space    used 2942K, capacity 3107K, committed 3200K, reserved 1048576K
Event: 29.018 GC heap after
Heap after GC invocations=27 (full 2):
 PSYoungGen      total 179712K, used 20461K [0x00000000e0500000, 0x00000000ecf80000, 0x0000000100000000)
  eden space 159232K, 0% used [0x00000000e0500000,0x00000000e0500000,0x00000000ea080000)
  from space 20480K, 99% used [0x00000000ea280000,0x00000000eb67b518,0x00000000eb680000)
  to   space 24064K, 0% used [0x00000000eb800000,0x00000000eb800000,0x00000000ecf80000)
 ParOldGen       total 64512K, used 55782K [0x00000000a0e00000, 0x00000000a4d00000, 0x00000000e0500000)
  object space 64512K, 86% used [0x00000000a0e00000,0x00000000a4479b68,0x00000000a4d00000)
 Metaspace       used 24820K, capacity 25446K, committed 25728K, reserved 1071104K
  class space    used 2942K, capacity 3107K, committed 3200K, reserved 1048576K
}
Event: 31.476 GC heap before
{Heap before GC invocations=28 (full 2):
 PSYoungGen      total 179712K, used 153562K [0x00000000e0500000, 0x00000000ecf80000, 0x0000000100000000)
  eden space 159232K, 83% used [0x00000000e0500000,0x00000000e86fb4b8,0x00000000ea080000)
  from space 20480K, 99% used [0x00000000ea280000,0x00000000eb67b518,0x00000000eb680000)
  to   space 24064K, 0% used [0x00000000eb800000,0x00000000eb800000,0x00000000ecf80000)
 ParOldGen       total 64512K, used 55782K [0x00000000a0e00000, 0x00000000a4d00000, 0x00000000e0500000)
  object space 64512K, 86% used [0x00000000a0e00000,0x00000000a4479b68,0x00000000a4d00000)
 Metaspace       used 25086K, capacity 25768K, committed 25984K, reserved 1073152K
  class space    used 2947K, capacity 3116K, committed 3200K, reserved 1048576K
Event: 31.574 GC heap after
Heap after GC invocations=28 (full 2):
 PSYoungGen      total 180224K, used 7853K [0x00000000e0500000, 0x00000000ecc80000, 0x0000000100000000)
  eden space 159232K, 0% used [0x00000000e0500000,0x00000000e0500000,0x00000000ea080000)
  from space 20992K, 37% used [0x00000000eb800000,0x00000000ebfab660,0x00000000ecc80000)
  to   space 22528K, 0% used [0x00000000ea080000,0x00000000ea080000,0x00000000eb680000)
 ParOldGen       total 66048K, used 65941K [0x00000000a0e00000, 0x00000000a4e80000, 0x00000000e0500000)
  object space 66048K, 99% used [0x00000000a0e00000,0x00000000a4e65700,0x00000000a4e80000)
 Metaspace       used 25086K, capacity 25768K, committed 25984K, reserved 1073152K
  class space    used 2947K, capacity 3116K, committed 3200K, reserved 1048576K
}
Event: 31.574 GC heap before
{Heap before GC invocations=29 (full 3):
 PSYoungGen      total 180224K, used 7853K [0x00000000e0500000, 0x00000000ecc80000, 0x0000000100000000)
  eden space 159232K, 0% used [0x00000000e0500000,0x00000000e0500000,0x00000000ea080000)
  from space 20992K, 37% used [0x00000000eb800000,0x00000000ebfab660,0x00000000ecc80000)
  to   space 22528K, 0% used [0x00000000ea080000,0x00000000ea080000,0x00000000eb680000)
 ParOldGen       total 66048K, used 65941K [0x00000000a0e00000, 0x00000000a4e80000, 0x00000000e0500000)
  object space 66048K, 99% used [0x00000000a0e00000,0x00000000a4e65700,0x00000000a4e80000)
 Metaspace       used 25086K, capacity 25768K, committed 25984K, reserved 1073152K
  class space    used 2947K, capacity 3116K, committed 3200K, reserved 1048576K

